Build started 12/29/2015 11:15:53 AM.
     1>Project "C:\Users\User\Documents\Visual Studio 2013\Projects\Brick Breaker\Brick Breaker\Brick Breaker.vcxproj" on node 2 (Build target(s)).
     1>C:\Program Files (x86)\MSBuild\Microsoft.Cpp\v4.0\V120\Microsoft.CppBuild.targets(388,5): warning MSB8028: The intermediate directory (Debug\) contains files shared from another project (Game3.vcxproj).  This can lead to incorrect clean and rebuild behavior.
     1>ClCompile:
         C:\Program Files (x86)\Microsoft Visual Studio 12.0\VC\bin\CL.exe /c /ZI /nologo /W3 /WX- /sdl /Od /Oy- /D _MBCS /Gm /EHsc /RTC1 /MDd /GS /fp:precise /Zc:wchar_t /Zc:forScope /Fo"Debug\\" /Fd"Debug\vc120.pdb" /Gd /TP /analyze- /errorReport:prompt TitleState.cpp
         TitleState.cpp
       Link:
         C:\Program Files (x86)\Microsoft Visual Studio 12.0\VC\bin\link.exe /ERRORREPORT:PROMPT /OUT:"C:\Users\User\Documents\Visual Studio 2013\Projects\Brick Breaker\Debug\Brick Breaker.exe" /INCREMENTAL /NOLOGO SDL2main.lib SDL2.lib SDL2_ttf.lib SDL2_image.lib SDL2_mixer.lib kernel32.lib user32.lib gdi32.lib winspool.lib comdlg32.lib advapi32.lib shell32.lib ole32.lib oleaut32.lib uuid.lib odbc32.lib odbccp32.lib /MANIFEST /MANIFESTUAC:"level='asInvoker' uiAccess='false'" /manifest:embed /DEBUG /PDB:"C:\Users\User\Documents\Visual Studio 2013\Projects\Brick Breaker\Debug\Brick Breaker.pdb" /SUBSYSTEM:CONSOLE /TLBID:1 /DYNAMICBASE /NXCOMPAT /IMPLIB:"C:\Users\User\Documents\Visual Studio 2013\Projects\Brick Breaker\Debug\Brick Breaker.lib" /MACHINE:X86 Debug\Ball.obj
         Debug\Brick.obj
         Debug\BrickBreaker.obj
         Debug\Audio.obj
         Debug\Game.obj
         Debug\GameState.obj
         Debug\Graphics.obj
         Debug\Image.obj
         Debug\Input.obj
         Debug\Music.obj
         Debug\Rectangle.obj
         Debug\ResourceManager.obj
         Debug\Sound.obj
         Debug\StateManager.obj
         Debug\Text.obj
         Debug\Vector2.obj
         Debug\HUD.obj
         Debug\LoseState.obj
         Debug\Particle.obj
         Debug\PauseState.obj
         Debug\TransitionState.obj
         Debug\main.obj
         Debug\Paddle.obj
         Debug\PlayState.obj
         Debug\TitleState.obj
         Brick Breaker.vcxproj -> C:\Users\User\Documents\Visual Studio 2013\Projects\Brick Breaker\Debug\Brick Breaker.exe
     1>Done Building Project "C:\Users\User\Documents\Visual Studio 2013\Projects\Brick Breaker\Brick Breaker\Brick Breaker.vcxproj" (Build target(s)).

Build succeeded.

Time Elapsed 00:00:00.84
